<?xml version="1.0" encoding="UTF-8"?>
<!-- Generated by org.testng.reporters.JUnitXMLReporter -->
<testsuite ignored="0" hostname="LAPTOP-4BC5N8H9" failures="0" tests="6" name="Expense Tracker Module Tests" time="205.083" errors="0" timestamp="2026-01-02T14:38:16 IST">
  <testcase classname="com.expensetracker.tests.ExpenseTrackerTest" name="testCreateExpense" time="25.857"/>
  <testcase classname="com.expensetracker.tests.ExpenseTrackerTest" name="testViewExpenses" time="32.626"/>
  <testcase classname="com.expensetracker.tests.ExpenseTrackerTest" name="testUpdateExpense" time="39.112"/>
  <testcase classname="com.expensetracker.tests.ExpenseTrackerTest" name="testDeleteExpense" time="31.793"/>
  <testcase classname="com.expensetracker.tests.ExpenseTrackerTest" name="testFilterExpenses" time="37.36"/>
  <testcase classname="com.expensetracker.tests.ExpenseTrackerTest" name="testAddExpenseWithMissingFields" time="33.575"/>
</testsuite> <!-- Expense Tracker Module Tests -->
