<?xml version="1.0" encoding="UTF-8"?>
<!-- Generated by org.testng.reporters.JUnitXMLReporter -->
<testsuite ignored="0" hostname="LAPTOP-4BC5N8H9" failures="0" tests="6" name="Expense Tracker Module Tests" time="207.037" errors="0" timestamp="2026-01-01T12:37:13 IST">
  <testcase classname="com.expensetracker.tests.ExpenseTrackerTest" name="testCreateExpense" time="25.462"/>
  <testcase classname="com.expensetracker.tests.ExpenseTrackerTest" name="testViewExpenses" time="32.24"/>
  <testcase classname="com.expensetracker.tests.ExpenseTrackerTest" name="testUpdateExpense" time="38.94"/>
  <testcase classname="com.expensetracker.tests.ExpenseTrackerTest" name="testDeleteExpense" time="40.577"/>
  <testcase classname="com.expensetracker.tests.ExpenseTrackerTest" name="testFilterExpenses" time="38.144"/>
  <testcase classname="com.expensetracker.tests.ExpenseTrackerTest" name="testSetBudget" time="27.166"/>
</testsuite> <!-- Expense Tracker Module Tests -->
