<?xml version="1.0" encoding="UTF-8"?>
<!-- Generated by org.testng.reporters.JUnitXMLReporter -->
<testsuite ignored="0" hostname="LAPTOP-4BC5N8H9" failures="0" tests="8" name="Login Module Tests" time="103.347" errors="0" timestamp="2026-01-01T12:33:46 IST">
  <testcase classname="com.expensetracker.tests.LoginTest" name="testSuccessfulLogin" time="22.119"/>
  <testcase classname="com.expensetracker.tests.LoginTest" name="testLoginWithInvalidEmail" time="6.26"/>
  <testcase classname="com.expensetracker.tests.LoginTest" name="testLoginWithWrongPassword" time="17.682"/>
  <testcase classname="com.expensetracker.tests.LoginTest" name="testLoginWithEmptyFields" time="3.12"/>
  <testcase classname="com.expensetracker.tests.LoginTest" name="testLoginPageUI" time="2.142"/>
  <testcase classname="com.expensetracker.tests.LoginTest" name="testJWTTokenGeneration" time="19.685"/>
  <testcase classname="com.expensetracker.tests.LoginTest" name="testNavigationToRegistration" time="4.218"/>
  <testcase classname="com.expensetracker.tests.LoginTest" name="testExpenseTrackerPage" time="22.146"/>
</testsuite> <!-- Login Module Tests -->
