<?xml version="1.0" encoding="UTF-8"?>
<!-- Generated by org.testng.reporters.JUnitXMLReporter -->
<testsuite ignored="0" hostname="LAPTOP-4BC5N8H9" failures="0" tests="3" name="Login Module Tests" time="34.033" errors="0" timestamp="2026-01-02T14:34:51 IST">
  <testcase classname="com.expensetracker.tests.LoginTest" name="testSuccessfulLogin" time="22.22"/>
  <testcase classname="com.expensetracker.tests.LoginTest" name="testLoginWithInvalidEmail" time="6.274"/>
  <testcase classname="com.expensetracker.tests.LoginTest" name="testLoginWithEmptyFields" time="3.132"/>
</testsuite> <!-- Login Module Tests -->
