<?xml version="1.0" encoding="UTF-8"?>
<!-- Generated by org.testng.reporters.JUnitXMLReporter -->
<testsuite ignored="0" hostname="LAPTOP-4BC5N8H9" failures="0" tests="5" name="Registration Module Tests" time="51.138" errors="0" timestamp="2026-01-01T12:32:03 IST">
  <testcase classname="com.expensetracker.tests.RegistrationTest" name="testSuccessfulRegistration" time="14.111"/>
  <testcase classname="com.expensetracker.tests.RegistrationTest" name="testDuplicateEmailRegistration" time="18.752"/>
  <testcase classname="com.expensetracker.tests.RegistrationTest" name="testEmptyFieldsValidation" time="3.159"/>
  <testcase classname="com.expensetracker.tests.RegistrationTest" name="testInvalidEmailFormat" time="7.364"/>
  <testcase classname="com.expensetracker.tests.RegistrationTest" name="testRegistrationPageUI" time="3.216"/>
</testsuite> <!-- Registration Module Tests -->
