<?xml version="1.0" encoding="UTF-8"?>
<!-- Generated by org.testng.reporters.JUnitXMLReporter -->
<testsuite ignored="0" hostname="LAPTOP-4BC5N8H9" failures="0" tests="3" name="Registration Module Tests" time="39.518" errors="0" timestamp="2026-01-02T14:34:17 IST">
  <testcase classname="com.expensetracker.tests.RegistrationTest" name="testSuccessfulRegistration" time="14.494"/>
  <testcase classname="com.expensetracker.tests.RegistrationTest" name="testDuplicateEmailRegistration" time="18.758"/>
  <testcase classname="com.expensetracker.tests.RegistrationTest" name="testEmptyFieldsValidation" time="3.187"/>
</testsuite> <!-- Registration Module Tests -->
