<?xml version="1.0" encoding="UTF-8"?>
<testsuite xmlns:xsi="http://www.w3.org/2001/XMLSchema-instance" xsi:noNamespaceSchemaLocation="https://maven.apache.org/surefire/maven-surefire-plugin/xsd/surefire-test-report.xsd" version="3.0.2" name="TestSuite" time="279.887" tests="12" errors="0" skipped="0" failures="0">
  <properties>
[...]
</properties>
  <testcase name="testSuccessfulRegistration" classname="com.expensetracker.tests.RegistrationTest" time="14.494">
    <system-out><![CDATA[✓ Chrome Driver initialized successfully
✓ Navigating to: http://localhost:3000
Navigated to: http://localhost:3000
Current URL after registration: http://localhost:3000/register.html
Page source snippet: <html lang="en"><head>
    <meta charset="UTF-8">
    <meta name="viewport" content="width=device-width, initial-scale=1.0">
    <title>Register - Budget Expense Tracker</title>
    <link rel="stylesheet" href="login.css">
</head>
<body>
    <header class="navbar">
        <div class="logo-container">
            <img src="RegBug.png" alt="Budget Tracker Logo">
        </div>
        <div class="logo">Budget Expense Tracker</div>
        <div class="nav-links">
            <a href="index.html">H
✓ TC-AUTH-01 PASSED
]]></system-out>
    <system-err><![CDATA[SLF4J: Failed to load class "org.slf4j.impl.StaticLoggerBinder".
SLF4J: Defaulting to no-operation (NOP) logger implementation
SLF4J: See http://www.slf4j.org/codes.html#StaticLoggerBinder for further details.
Jan 02, 2026 2:33:39 PM org.openqa.selenium.devtools.CdpVersionFinder findNearestMatch
WARNING: Unable to find CDP implementation matching 143
Jan 02, 2026 2:33:39 PM org.openqa.selenium.chromium.ChromiumDriver lambda$new$5
WARNING: Unable to find version of CDP to use for 143.0.7499.170. You may need to include a dependency on a specific version of the CDP using something similar to `org.seleniumhq.selenium:selenium-devtools-v86:4.27.0` where the version ("v86") matches the version of the chromium-based browser you're using and the version number of the artifact is the same as Selenium's.
]]></system-err>
  </testcase>
  <testcase name="testDuplicateEmailRegistration" classname="com.expensetracker.tests.RegistrationTest" time="18.759">
    <system-out><![CDATA[✓ Browser closed successfully
✓ Chrome Driver initialized successfully
✓ Navigating to: http://localhost:3000
Navigated to: http://localhost:3000/register.html
No alert for first registration
Navigated to: http://localhost:3000/register.html
URL after duplicate registration: http://localhost:3000/register.html
✓ TC-AUTH-02 PASSED
]]></system-out>
    <system-err><![CDATA[Jan 02, 2026 2:33:54 PM org.openqa.selenium.devtools.CdpVersionFinder findNearestMatch
WARNING: Unable to find CDP implementation matching 143
Jan 02, 2026 2:33:54 PM org.openqa.selenium.chromium.ChromiumDriver lambda$new$5
WARNING: Unable to find version of CDP to use for 143.0.7499.170. You may need to include a dependency on a specific version of the CDP using something similar to `org.seleniumhq.selenium:selenium-devtools-v86:4.27.0` where the version ("v86") matches the version of the chromium-based browser you're using and the version number of the artifact is the same as Selenium's.
]]></system-err>
  </testcase>
  <testcase name="testEmptyFieldsValidation" classname="com.expensetracker.tests.RegistrationTest" time="3.183">
    <system-out><![CDATA[✓ Browser closed successfully
✓ Chrome Driver initialized successfully
✓ Navigating to: http://localhost:3000
Navigated to: http://localhost:3000/register.html
✓ TC-AUTH-03 PASSED
]]></system-out>
    <system-err><![CDATA[Jan 02, 2026 2:34:14 PM org.openqa.selenium.devtools.CdpVersionFinder findNearestMatch
WARNING: Unable to find CDP implementation matching 143
Jan 02, 2026 2:34:14 PM org.openqa.selenium.chromium.ChromiumDriver lambda$new$5
WARNING: Unable to find version of CDP to use for 143.0.7499.170. You may need to include a dependency on a specific version of the CDP using something similar to `org.seleniumhq.selenium:selenium-devtools-v86:4.27.0` where the version ("v86") matches the version of the chromium-based browser you're using and the version number of the artifact is the same as Selenium's.
]]></system-err>
  </testcase>
  <testcase name="testSuccessfulLogin" classname="com.expensetracker.tests.LoginTest" time="22.218">
    <system-out><![CDATA[✓ Browser closed successfully
✓ Chrome Driver initialized successfully
✓ Navigating to: http://localhost:3000
Navigated to: http://localhost:3000/register.html
Navigated to: http://localhost:3000/login-register.html
Current URL after login: http://localhost:3000/login-register.html
Navigated to: http://localhost:3000/expense-tracker.html
✓ TC-AUTH-04 PASSED
]]></system-out>
    <system-err><![CDATA[Jan 02, 2026 2:34:18 PM org.openqa.selenium.devtools.CdpVersionFinder findNearestMatch
WARNING: Unable to find CDP implementation matching 143
Jan 02, 2026 2:34:18 PM org.openqa.selenium.chromium.ChromiumDriver lambda$new$5
WARNING: Unable to find version of CDP to use for 143.0.7499.170. You may need to include a dependency on a specific version of the CDP using something similar to `org.seleniumhq.selenium:selenium-devtools-v86:4.27.0` where the version ("v86") matches the version of the chromium-based browser you're using and the version number of the artifact is the same as Selenium's.
]]></system-err>
  </testcase>
  <testcase name="testLoginWithInvalidEmail" classname="com.expensetracker.tests.LoginTest" time="6.272">
    <system-out><![CDATA[✓ Browser closed successfully
✓ Chrome Driver initialized successfully
✓ Navigating to: http://localhost:3000
Navigated to: http://localhost:3000/login-register.html
✓ TC-AUTH-05 PASSED
]]></system-out>
    <system-err><![CDATA[Jan 02, 2026 2:34:41 PM org.openqa.selenium.devtools.CdpVersionFinder findNearestMatch
WARNING: Unable to find CDP implementation matching 143
Jan 02, 2026 2:34:41 PM org.openqa.selenium.chromium.ChromiumDriver lambda$new$5
WARNING: Unable to find version of CDP to use for 143.0.7499.170. You may need to include a dependency on a specific version of the CDP using something similar to `org.seleniumhq.selenium:selenium-devtools-v86:4.27.0` where the version ("v86") matches the version of the chromium-based browser you're using and the version number of the artifact is the same as Selenium's.
]]></system-err>
  </testcase>
  <testcase name="testLoginWithEmptyFields" classname="com.expensetracker.tests.LoginTest" time="3.13">
    <system-out><![CDATA[✓ Browser closed successfully
✓ Chrome Driver initialized successfully
✓ Navigating to: http://localhost:3000
Navigated to: http://localhost:3000/login-register.html
✓ TC-AUTH-06 PASSED
]]></system-out>
    <system-err><![CDATA[Jan 02, 2026 2:34:48 PM org.openqa.selenium.devtools.CdpVersionFinder findNearestMatch
WARNING: Unable to find CDP implementation matching 143
Jan 02, 2026 2:34:48 PM org.openqa.selenium.chromium.ChromiumDriver lambda$new$5
WARNING: Unable to find version of CDP to use for 143.0.7499.170. You may need to include a dependency on a specific version of the CDP using something similar to `org.seleniumhq.selenium:selenium-devtools-v86:4.27.0` where the version ("v86") matches the version of the chromium-based browser you're using and the version number of the artifact is the same as Selenium's.
]]></system-err>
  </testcase>
  <testcase name="testCreateExpense" classname="com.expensetracker.tests.ExpenseTrackerTest" time="25.854">
    <system-out><![CDATA[✓ Browser closed successfully
✓ Chrome Driver initialized successfully
✓ Navigating to: http://localhost:3000
Navigated to: http://localhost:3000/register.html
Navigated to: http://localhost:3000/login-register.html
Navigated to: http://localhost:3000/expense-tracker.html
No alert after adding expense
✓ TC-EXP-01 PASSED
]]></system-out>
    <system-err><![CDATA[Jan 02, 2026 2:34:52 PM org.openqa.selenium.devtools.CdpVersionFinder findNearestMatch
WARNING: Unable to find CDP implementation matching 143
Jan 02, 2026 2:34:52 PM org.openqa.selenium.chromium.ChromiumDriver lambda$new$5
WARNING: Unable to find version of CDP to use for 143.0.7499.170. You may need to include a dependency on a specific version of the CDP using something similar to `org.seleniumhq.selenium:selenium-devtools-v86:4.27.0` where the version ("v86") matches the version of the chromium-based browser you're using and the version number of the artifact is the same as Selenium's.
]]></system-err>
  </testcase>
  <testcase name="testViewExpenses" classname="com.expensetracker.tests.ExpenseTrackerTest" time="32.625">
    <system-out><![CDATA[✓ Browser closed successfully
✓ Chrome Driver initialized successfully
✓ Navigating to: http://localhost:3000
Navigated to: http://localhost:3000/register.html
Navigated to: http://localhost:3000/login-register.html
Navigated to: http://localhost:3000/expense-tracker.html
✓ TC-EXP-02 PASSED
]]></system-out>
    <system-err><![CDATA[Jan 02, 2026 2:35:18 PM org.openqa.selenium.devtools.CdpVersionFinder findNearestMatch
WARNING: Unable to find CDP implementation matching 143
Jan 02, 2026 2:35:18 PM org.openqa.selenium.chromium.ChromiumDriver lambda$new$5
WARNING: Unable to find version of CDP to use for 143.0.7499.170. You may need to include a dependency on a specific version of the CDP using something similar to `org.seleniumhq.selenium:selenium-devtools-v86:4.27.0` where the version ("v86") matches the version of the chromium-based browser you're using and the version number of the artifact is the same as Selenium's.
]]></system-err>
  </testcase>
  <testcase name="testUpdateExpense" classname="com.expensetracker.tests.ExpenseTrackerTest" time="39.111">
    <system-out><![CDATA[✓ Browser closed successfully
✓ Chrome Driver initialized successfully
✓ Navigating to: http://localhost:3000
Navigated to: http://localhost:3000/register.html
Navigated to: http://localhost:3000/login-register.html
Navigated to: http://localhost:3000/expense-tracker.html
Navigated to: http://localhost:3000/expense-tracker.html
✓ TC-EXP-03 PASSED
]]></system-out>
    <system-err><![CDATA[Jan 02, 2026 2:35:52 PM org.openqa.selenium.devtools.CdpVersionFinder findNearestMatch
WARNING: Unable to find CDP implementation matching 143
Jan 02, 2026 2:35:52 PM org.openqa.selenium.chromium.ChromiumDriver lambda$new$5
WARNING: Unable to find version of CDP to use for 143.0.7499.170. You may need to include a dependency on a specific version of the CDP using something similar to `org.seleniumhq.selenium:selenium-devtools-v86:4.27.0` where the version ("v86") matches the version of the chromium-based browser you're using and the version number of the artifact is the same as Selenium's.
]]></system-err>
  </testcase>
  <testcase name="testDeleteExpense" classname="com.expensetracker.tests.ExpenseTrackerTest" time="31.792">
    <system-out><![CDATA[✓ Browser closed successfully
✓ Chrome Driver initialized successfully
✓ Navigating to: http://localhost:3000
Navigated to: http://localhost:3000/register.html
Navigated to: http://localhost:3000/login-register.html
Navigated to: http://localhost:3000/expense-tracker.html
✓ TC-EXP-04 PASSED
]]></system-out>
    <system-err><![CDATA[Jan 02, 2026 2:36:32 PM org.openqa.selenium.devtools.CdpVersionFinder findNearestMatch
WARNING: Unable to find CDP implementation matching 143
Jan 02, 2026 2:36:32 PM org.openqa.selenium.chromium.ChromiumDriver lambda$new$5
WARNING: Unable to find version of CDP to use for 143.0.7499.170. You may need to include a dependency on a specific version of the CDP using something similar to `org.seleniumhq.selenium:selenium-devtools-v86:4.27.0` where the version ("v86") matches the version of the chromium-based browser you're using and the version number of the artifact is the same as Selenium's.
]]></system-err>
  </testcase>
  <testcase name="testFilterExpenses" classname="com.expensetracker.tests.ExpenseTrackerTest" time="37.357">
    <system-out><![CDATA[✓ Browser closed successfully
✓ Chrome Driver initialized successfully
✓ Navigating to: http://localhost:3000
Navigated to: http://localhost:3000/register.html
Navigated to: http://localhost:3000/login-register.html
Navigated to: http://localhost:3000/expense-tracker.html
✓ TC-EXP-05 PASSED
]]></system-out>
    <system-err><![CDATA[Jan 02, 2026 2:37:04 PM org.openqa.selenium.devtools.CdpVersionFinder findNearestMatch
WARNING: Unable to find CDP implementation matching 143
Jan 02, 2026 2:37:04 PM org.openqa.selenium.chromium.ChromiumDriver lambda$new$5
WARNING: Unable to find version of CDP to use for 143.0.7499.170. You may need to include a dependency on a specific version of the CDP using something similar to `org.seleniumhq.selenium:selenium-devtools-v86:4.27.0` where the version ("v86") matches the version of the chromium-based browser you're using and the version number of the artifact is the same as Selenium's.
]]></system-err>
  </testcase>
  <testcase name="testAddExpenseWithMissingFields" classname="com.expensetracker.tests.ExpenseTrackerTest" time="33.572">
    <system-out><![CDATA[✓ Browser closed successfully
✓ Chrome Driver initialized successfully
✓ Navigating to: http://localhost:3000
Navigated to: http://localhost:3000/register.html
Navigated to: http://localhost:3000/login-register.html
Navigated to: http://localhost:3000/expense-tracker.html
✓ TC-EXP-06 PASSED
]]></system-out>
    <system-err><![CDATA[Jan 02, 2026 2:37:42 PM org.openqa.selenium.devtools.CdpVersionFinder findNearestMatch
WARNING: Unable to find CDP implementation matching 143
Jan 02, 2026 2:37:42 PM org.openqa.selenium.chromium.ChromiumDriver lambda$new$5
WARNING: Unable to find version of CDP to use for 143.0.7499.170. You may need to include a dependency on a specific version of the CDP using something similar to `org.seleniumhq.selenium:selenium-devtools-v86:4.27.0` where the version ("v86") matches the version of the chromium-based browser you're using and the version number of the artifact is the same as Selenium's.
]]></system-err>
  </testcase>
</testsuite>