<?xml version="1.0" encoding="UTF-8"?>
<testng-results ignored="0" total="19" passed="19" failed="0" skipped="0">
  <reporter-output>
  </reporter-output>
  <suite started-at="2026-01-01T12:31:11 IST" name="Expense Tracker Test Suite" finished-at="2026-01-01T12:37:13 IST" duration-ms="361537">
    <groups>
    </groups>
    <test started-at="2026-01-01T12:31:11 IST" name="Registration Module Tests" finished-at="2026-01-01T12:32:03 IST" duration-ms="51138">
      <class name="com.expensetracker.tests.RegistrationTest">
        <test-method is-config="true" signature="setup(java.lang.String)[pri:0, instance:com.expensetracker.tests.RegistrationTest@1349883]" started-at="2026-01-01T12:31:12 IST" name="setup" finished-at="2026-01-01T12:31:13 IST" duration-ms="1238" status="PASS">
          <params>
            <param index="0">
              <value>
                <![CDATA[chrome]]>
              </value>
            </param>
          </params>
          <reporter-output>
          </reporter-output>
        </test-method> <!-- setup -->
        <test-method signature="testSuccessfulRegistration()[pri:1, instance:com.expensetracker.tests.RegistrationTest@1349883]" started-at="2026-01-01T12:31:13 IST" name="testSuccessfulRegistration" description="TC_REG_001: Verify successful user registration with valid data" finished-at="2026-01-01T12:31:27 IST" duration-ms="14111" status="PASS">
          <reporter-output>
          </reporter-output>
        </test-method> <!-- testSuccessfulRegistration -->
        <test-method is-config="true" signature="tearDown()[pri:0, instance:com.expensetracker.tests.RegistrationTest@1349883]" started-at="2026-01-01T12:31:27 IST" name="tearDown" finished-at="2026-01-01T12:31:27 IST" duration-ms="176" status="PASS">
          <reporter-output>
          </reporter-output>
        </test-method> <!-- tearDown -->
        <test-method is-config="true" signature="setup(java.lang.String)[pri:0, instance:com.expensetracker.tests.RegistrationTest@1349883]" started-at="2026-01-01T12:31:27 IST" name="setup" finished-at="2026-01-01T12:31:28 IST" duration-ms="627" status="PASS">
          <params>
            <param index="0">
              <value>
                <![CDATA[chrome]]>
              </value>
            </param>
          </params>
          <reporter-output>
          </reporter-output>
        </test-method> <!-- setup -->
        <test-method signature="testDuplicateEmailRegistration()[pri:2, instance:com.expensetracker.tests.RegistrationTest@1349883]" started-at="2026-01-01T12:31:28 IST" name="testDuplicateEmailRegistration" description="TC_REG_002: Verify registration fails with duplicate email" finished-at="2026-01-01T12:31:46 IST" duration-ms="18752" status="PASS">
          <reporter-output>
          </reporter-output>
        </test-method> <!-- testDuplicateEmailRegistration -->
        <test-method is-config="true" signature="tearDown()[pri:0, instance:com.expensetracker.tests.RegistrationTest@1349883]" started-at="2026-01-01T12:31:46 IST" name="tearDown" finished-at="2026-01-01T12:31:47 IST" duration-ms="157" status="PASS">
          <reporter-output>
          </reporter-output>
        </test-method> <!-- tearDown -->
        <test-method is-config="true" signature="setup(java.lang.String)[pri:0, instance:com.expensetracker.tests.RegistrationTest@1349883]" started-at="2026-01-01T12:31:47 IST" name="setup" finished-at="2026-01-01T12:31:47 IST" duration-ms="625" status="PASS">
          <params>
            <param index="0">
              <value>
                <![CDATA[chrome]]>
              </value>
            </param>
          </params>
          <reporter-output>
          </reporter-output>
        </test-method> <!-- setup -->
        <test-method signature="testEmptyFieldsValidation()[pri:3, instance:com.expensetracker.tests.RegistrationTest@1349883]" started-at="2026-01-01T12:31:47 IST" name="testEmptyFieldsValidation" description="TC_REG_003: Verify registration fails with empty fields" finished-at="2026-01-01T12:31:50 IST" duration-ms="3159" status="PASS">
          <reporter-output>
          </reporter-output>
        </test-method> <!-- testEmptyFieldsValidation -->
        <test-method is-config="true" signature="tearDown()[pri:0, instance:com.expensetracker.tests.RegistrationTest@1349883]" started-at="2026-01-01T12:31:50 IST" name="tearDown" finished-at="2026-01-01T12:31:50 IST" duration-ms="138" status="PASS">
          <reporter-output>
          </reporter-output>
        </test-method> <!-- tearDown -->
        <test-method is-config="true" signature="setup(java.lang.String)[pri:0, instance:com.expensetracker.tests.RegistrationTest@1349883]" started-at="2026-01-01T12:31:50 IST" name="setup" finished-at="2026-01-01T12:31:51 IST" duration-ms="609" status="PASS">
          <params>
            <param index="0">
              <value>
                <![CDATA[chrome]]>
              </value>
            </param>
          </params>
          <reporter-output>
          </reporter-output>
        </test-method> <!-- setup -->
        <test-method signature="testInvalidEmailFormat()[pri:4, instance:com.expensetracker.tests.RegistrationTest@1349883]" started-at="2026-01-01T12:31:51 IST" name="testInvalidEmailFormat" description="TC_REG_004: Verify registration with invalid email format" finished-at="2026-01-01T12:31:58 IST" duration-ms="7364" status="PASS">
          <reporter-output>
          </reporter-output>
        </test-method> <!-- testInvalidEmailFormat -->
        <test-method is-config="true" signature="tearDown()[pri:0, instance:com.expensetracker.tests.RegistrationTest@1349883]" started-at="2026-01-01T12:31:58 IST" name="tearDown" finished-at="2026-01-01T12:31:59 IST" duration-ms="151" status="PASS">
          <reporter-output>
          </reporter-output>
        </test-method> <!-- tearDown -->
        <test-method is-config="true" signature="setup(java.lang.String)[pri:0, instance:com.expensetracker.tests.RegistrationTest@1349883]" started-at="2026-01-01T12:31:59 IST" name="setup" finished-at="2026-01-01T12:31:59 IST" duration-ms="618" status="PASS">
          <params>
            <param index="0">
              <value>
                <![CDATA[chrome]]>
              </value>
            </param>
          </params>
          <reporter-output>
          </reporter-output>
        </test-method> <!-- setup -->
        <test-method signature="testRegistrationPageUI()[pri:5, instance:com.expensetracker.tests.RegistrationTest@1349883]" started-at="2026-01-01T12:31:59 IST" name="testRegistrationPageUI" description="TC_REG_005: Verify registration page UI elements" finished-at="2026-01-01T12:32:02 IST" duration-ms="3216" status="PASS">
          <reporter-output>
          </reporter-output>
        </test-method> <!-- testRegistrationPageUI -->
        <test-method is-config="true" signature="tearDown()[pri:0, instance:com.expensetracker.tests.RegistrationTest@1349883]" started-at="2026-01-01T12:32:02 IST" name="tearDown" finished-at="2026-01-01T12:32:03 IST" duration-ms="144" status="PASS">
          <reporter-output>
          </reporter-output>
        </test-method> <!-- tearDown -->
      </class> <!-- com.expensetracker.tests.RegistrationTest -->
    </test> <!-- Registration Module Tests -->
    <test started-at="2026-01-01T12:32:03 IST" name="Login Module Tests" finished-at="2026-01-01T12:33:46 IST" duration-ms="103347">
      <class name="com.expensetracker.tests.LoginTest">
        <test-method is-config="true" signature="setup(java.lang.String)[pri:0, instance:com.expensetracker.tests.LoginTest@4c163e3]" started-at="2026-01-01T12:32:03 IST" name="setup" finished-at="2026-01-01T12:32:03 IST" duration-ms="606" status="PASS">
          <params>
            <param index="0">
              <value>
                <![CDATA[chrome]]>
              </value>
            </param>
          </params>
          <reporter-output>
          </reporter-output>
        </test-method> <!-- setup -->
        <test-method signature="testSuccessfulLogin()[pri:1, instance:com.expensetracker.tests.LoginTest@4c163e3]" started-at="2026-01-01T12:32:03 IST" name="testSuccessfulLogin" description="TC_LOGIN_001: Verify successful login with valid credentials" finished-at="2026-01-01T12:32:25 IST" duration-ms="22119" status="PASS">
          <reporter-output>
          </reporter-output>
        </test-method> <!-- testSuccessfulLogin -->
        <test-method is-config="true" signature="tearDown()[pri:0, instance:com.expensetracker.tests.LoginTest@4c163e3]" started-at="2026-01-01T12:32:25 IST" name="tearDown" finished-at="2026-01-01T12:32:25 IST" duration-ms="147" status="PASS">
          <reporter-output>
          </reporter-output>
        </test-method> <!-- tearDown -->
        <test-method is-config="true" signature="setup(java.lang.String)[pri:0, instance:com.expensetracker.tests.LoginTest@4c163e3]" started-at="2026-01-01T12:32:25 IST" name="setup" finished-at="2026-01-01T12:32:26 IST" duration-ms="621" status="PASS">
          <params>
            <param index="0">
              <value>
                <![CDATA[chrome]]>
              </value>
            </param>
          </params>
          <reporter-output>
          </reporter-output>
        </test-method> <!-- setup -->
        <test-method signature="testLoginWithInvalidEmail()[pri:2, instance:com.expensetracker.tests.LoginTest@4c163e3]" started-at="2026-01-01T12:32:26 IST" name="testLoginWithInvalidEmail" description="TC_LOGIN_002: Verify login fails with invalid email" finished-at="2026-01-01T12:32:32 IST" duration-ms="6260" status="PASS">
          <reporter-output>
          </reporter-output>
        </test-method> <!-- testLoginWithInvalidEmail -->
        <test-method is-config="true" signature="tearDown()[pri:0, instance:com.expensetracker.tests.LoginTest@4c163e3]" started-at="2026-01-01T12:32:32 IST" name="tearDown" finished-at="2026-01-01T12:32:33 IST" duration-ms="143" status="PASS">
          <reporter-output>
          </reporter-output>
        </test-method> <!-- tearDown -->
        <test-method is-config="true" signature="setup(java.lang.String)[pri:0, instance:com.expensetracker.tests.LoginTest@4c163e3]" started-at="2026-01-01T12:32:33 IST" name="setup" finished-at="2026-01-01T12:32:33 IST" duration-ms="623" status="PASS">
          <params>
            <param index="0">
              <value>
                <![CDATA[chrome]]>
              </value>
            </param>
          </params>
          <reporter-output>
          </reporter-output>
        </test-method> <!-- setup -->
        <test-method signature="testLoginWithWrongPassword()[pri:3, instance:com.expensetracker.tests.LoginTest@4c163e3]" started-at="2026-01-01T12:32:33 IST" name="testLoginWithWrongPassword" description="TC_LOGIN_003: Verify login fails with incorrect password" finished-at="2026-01-01T12:32:51 IST" duration-ms="17682" status="PASS">
          <reporter-output>
          </reporter-output>
        </test-method> <!-- testLoginWithWrongPassword -->
        <test-method is-config="true" signature="tearDown()[pri:0, instance:com.expensetracker.tests.LoginTest@4c163e3]" started-at="2026-01-01T12:32:51 IST" name="tearDown" finished-at="2026-01-01T12:32:51 IST" duration-ms="156" status="PASS">
          <reporter-output>
          </reporter-output>
        </test-method> <!-- tearDown -->
        <test-method is-config="true" signature="setup(java.lang.String)[pri:0, instance:com.expensetracker.tests.LoginTest@4c163e3]" started-at="2026-01-01T12:32:51 IST" name="setup" finished-at="2026-01-01T12:32:52 IST" duration-ms="602" status="PASS">
          <params>
            <param index="0">
              <value>
                <![CDATA[chrome]]>
              </value>
            </param>
          </params>
          <reporter-output>
          </reporter-output>
        </test-method> <!-- setup -->
        <test-method signature="testLoginWithEmptyFields()[pri:4, instance:com.expensetracker.tests.LoginTest@4c163e3]" started-at="2026-01-01T12:32:52 IST" name="testLoginWithEmptyFields" description="TC_LOGIN_004: Verify login fails with empty credentials" finished-at="2026-01-01T12:32:55 IST" duration-ms="3120" status="PASS">
          <reporter-output>
          </reporter-output>
        </test-method> <!-- testLoginWithEmptyFields -->
        <test-method is-config="true" signature="tearDown()[pri:0, instance:com.expensetracker.tests.LoginTest@4c163e3]" started-at="2026-01-01T12:32:55 IST" name="tearDown" finished-at="2026-01-01T12:32:55 IST" duration-ms="128" status="PASS">
          <reporter-output>
          </reporter-output>
        </test-method> <!-- tearDown -->
        <test-method is-config="true" signature="setup(java.lang.String)[pri:0, instance:com.expensetracker.tests.LoginTest@4c163e3]" started-at="2026-01-01T12:32:55 IST" name="setup" finished-at="2026-01-01T12:32:55 IST" duration-ms="606" status="PASS">
          <params>
            <param index="0">
              <value>
                <![CDATA[chrome]]>
              </value>
            </param>
          </params>
          <reporter-output>
          </reporter-output>
        </test-method> <!-- setup -->
        <test-method signature="testLoginPageUI()[pri:5, instance:com.expensetracker.tests.LoginTest@4c163e3]" started-at="2026-01-01T12:32:55 IST" name="testLoginPageUI" description="TC_LOGIN_005: Verify login page UI elements" finished-at="2026-01-01T12:32:58 IST" duration-ms="2142" status="PASS">
          <reporter-output>
          </reporter-output>
        </test-method> <!-- testLoginPageUI -->
        <test-method is-config="true" signature="tearDown()[pri:0, instance:com.expensetracker.tests.LoginTest@4c163e3]" started-at="2026-01-01T12:32:58 IST" name="tearDown" finished-at="2026-01-01T12:32:58 IST" duration-ms="118" status="PASS">
          <reporter-output>
          </reporter-output>
        </test-method> <!-- tearDown -->
        <test-method is-config="true" signature="setup(java.lang.String)[pri:0, instance:com.expensetracker.tests.LoginTest@4c163e3]" started-at="2026-01-01T12:32:58 IST" name="setup" finished-at="2026-01-01T12:32:58 IST" duration-ms="588" status="PASS">
          <params>
            <param index="0">
              <value>
                <![CDATA[chrome]]>
              </value>
            </param>
          </params>
          <reporter-output>
          </reporter-output>
        </test-method> <!-- setup -->
        <test-method signature="testJWTTokenGeneration()[pri:6, instance:com.expensetracker.tests.LoginTest@4c163e3]" started-at="2026-01-01T12:32:58 IST" name="testJWTTokenGeneration" description="TC_LOGIN_006: Verify JWT token generation" finished-at="2026-01-01T12:33:18 IST" duration-ms="19685" status="PASS">
          <reporter-output>
          </reporter-output>
        </test-method> <!-- testJWTTokenGeneration -->
        <test-method is-config="true" signature="tearDown()[pri:0, instance:com.expensetracker.tests.LoginTest@4c163e3]" started-at="2026-01-01T12:33:18 IST" name="tearDown" finished-at="2026-01-01T12:33:18 IST" duration-ms="143" status="PASS">
          <reporter-output>
          </reporter-output>
        </test-method> <!-- tearDown -->
        <test-method is-config="true" signature="setup(java.lang.String)[pri:0, instance:com.expensetracker.tests.LoginTest@4c163e3]" started-at="2026-01-01T12:33:18 IST" name="setup" finished-at="2026-01-01T12:33:19 IST" duration-ms="600" status="PASS">
          <params>
            <param index="0">
              <value>
                <![CDATA[chrome]]>
              </value>
            </param>
          </params>
          <reporter-output>
          </reporter-output>
        </test-method> <!-- setup -->
        <test-method signature="testNavigationToRegistration()[pri:7, instance:com.expensetracker.tests.LoginTest@4c163e3]" started-at="2026-01-01T12:33:19 IST" name="testNavigationToRegistration" description="TC_LOGIN_007: Verify navigation from login to registration" finished-at="2026-01-01T12:33:23 IST" duration-ms="4218" status="PASS">
          <reporter-output>
          </reporter-output>
        </test-method> <!-- testNavigationToRegistration -->
        <test-method is-config="true" signature="tearDown()[pri:0, instance:com.expensetracker.tests.LoginTest@4c163e3]" started-at="2026-01-01T12:33:23 IST" name="tearDown" finished-at="2026-01-01T12:33:23 IST" duration-ms="117" status="PASS">
          <reporter-output>
          </reporter-output>
        </test-method> <!-- tearDown -->
        <test-method is-config="true" signature="setup(java.lang.String)[pri:0, instance:com.expensetracker.tests.LoginTest@4c163e3]" started-at="2026-01-01T12:33:23 IST" name="setup" finished-at="2026-01-01T12:33:24 IST" duration-ms="616" status="PASS">
          <params>
            <param index="0">
              <value>
                <![CDATA[chrome]]>
              </value>
            </param>
          </params>
          <reporter-output>
          </reporter-output>
        </test-method> <!-- setup -->
        <test-method signature="testExpenseTrackerPage()[pri:8, instance:com.expensetracker.tests.LoginTest@4c163e3]" started-at="2026-01-01T12:33:24 IST" name="testExpenseTrackerPage" description="TC_LOGIN_008: Verify expense tracker page functionality" finished-at="2026-01-01T12:33:46 IST" duration-ms="22146" status="PASS">
          <reporter-output>
          </reporter-output>
        </test-method> <!-- testExpenseTrackerPage -->
        <test-method is-config="true" signature="tearDown()[pri:0, instance:com.expensetracker.tests.LoginTest@4c163e3]" started-at="2026-01-01T12:33:46 IST" name="tearDown" finished-at="2026-01-01T12:33:46 IST" duration-ms="150" status="PASS">
          <reporter-output>
          </reporter-output>
        </test-method> <!-- tearDown -->
      </class> <!-- com.expensetracker.tests.LoginTest -->
    </test> <!-- Login Module Tests -->
    <test started-at="2026-01-01T12:33:46 IST" name="Expense Tracker Module Tests" finished-at="2026-01-01T12:37:13 IST" duration-ms="207037">
      <class name="com.expensetracker.tests.ExpenseTrackerTest">
        <test-method is-config="true" signature="setupReport()[pri:0, instance:com.expensetracker.tests.ExpenseTrackerTest@5a59ca5e]" started-at="2026-01-01T12:31:11 IST" name="setupReport" finished-at="2026-01-01T12:31:11 IST" duration-ms="173" status="PASS">
          <reporter-output>
          </reporter-output>
        </test-method> <!-- setupReport -->
        <test-method is-config="true" signature="setup(java.lang.String)[pri:0, instance:com.expensetracker.tests.ExpenseTrackerTest@5a59ca5e]" started-at="2026-01-01T12:33:46 IST" name="setup" finished-at="2026-01-01T12:33:47 IST" duration-ms="617" status="PASS">
          <params>
            <param index="0">
              <value>
                <![CDATA[chrome]]>
              </value>
            </param>
          </params>
          <reporter-output>
          </reporter-output>
        </test-method> <!-- setup -->
        <test-method signature="testCreateExpense()[pri:1, instance:com.expensetracker.tests.ExpenseTrackerTest@5a59ca5e]" started-at="2026-01-01T12:33:47 IST" name="testCreateExpense" description="TC_EXPENSE_001: Create a new expense" finished-at="2026-01-01T12:34:12 IST" duration-ms="25462" status="PASS">
          <reporter-output>
          </reporter-output>
        </test-method> <!-- testCreateExpense -->
        <test-method is-config="true" signature="tearDown()[pri:0, instance:com.expensetracker.tests.ExpenseTrackerTest@5a59ca5e]" started-at="2026-01-01T12:34:12 IST" name="tearDown" finished-at="2026-01-01T12:34:12 IST" duration-ms="168" status="PASS">
          <reporter-output>
          </reporter-output>
        </test-method> <!-- tearDown -->
        <test-method is-config="true" signature="setup(java.lang.String)[pri:0, instance:com.expensetracker.tests.ExpenseTrackerTest@5a59ca5e]" started-at="2026-01-01T12:34:12 IST" name="setup" finished-at="2026-01-01T12:34:13 IST" duration-ms="603" status="PASS">
          <params>
            <param index="0">
              <value>
                <![CDATA[chrome]]>
              </value>
            </param>
          </params>
          <reporter-output>
          </reporter-output>
        </test-method> <!-- setup -->
        <test-method signature="testViewExpenses()[pri:2, instance:com.expensetracker.tests.ExpenseTrackerTest@5a59ca5e]" started-at="2026-01-01T12:34:13 IST" name="testViewExpenses" description="TC_EXPENSE_002: View all expenses" finished-at="2026-01-01T12:34:45 IST" duration-ms="32240" status="PASS">
          <reporter-output>
          </reporter-output>
        </test-method> <!-- testViewExpenses -->
        <test-method is-config="true" signature="tearDown()[pri:0, instance:com.expensetracker.tests.ExpenseTrackerTest@5a59ca5e]" started-at="2026-01-01T12:34:45 IST" name="tearDown" finished-at="2026-01-01T12:34:45 IST" duration-ms="143" status="PASS">
          <reporter-output>
          </reporter-output>
        </test-method> <!-- tearDown -->
        <test-method is-config="true" signature="setup(java.lang.String)[pri:0, instance:com.expensetracker.tests.ExpenseTrackerTest@5a59ca5e]" started-at="2026-01-01T12:34:45 IST" name="setup" finished-at="2026-01-01T12:34:46 IST" duration-ms="618" status="PASS">
          <params>
            <param index="0">
              <value>
                <![CDATA[chrome]]>
              </value>
            </param>
          </params>
          <reporter-output>
          </reporter-output>
        </test-method> <!-- setup -->
        <test-method signature="testUpdateExpense()[pri:3, instance:com.expensetracker.tests.ExpenseTrackerTest@5a59ca5e]" started-at="2026-01-01T12:34:46 IST" name="testUpdateExpense" description="TC_EXPENSE_003: Update an existing expense" finished-at="2026-01-01T12:35:25 IST" duration-ms="38940" status="PASS">
          <reporter-output>
          </reporter-output>
        </test-method> <!-- testUpdateExpense -->
        <test-method is-config="true" signature="tearDown()[pri:0, instance:com.expensetracker.tests.ExpenseTrackerTest@5a59ca5e]" started-at="2026-01-01T12:35:25 IST" name="tearDown" finished-at="2026-01-01T12:35:25 IST" duration-ms="141" status="PASS">
          <reporter-output>
          </reporter-output>
        </test-method> <!-- tearDown -->
        <test-method is-config="true" signature="setup(java.lang.String)[pri:0, instance:com.expensetracker.tests.ExpenseTrackerTest@5a59ca5e]" started-at="2026-01-01T12:35:25 IST" name="setup" finished-at="2026-01-01T12:35:26 IST" duration-ms="620" status="PASS">
          <params>
            <param index="0">
              <value>
                <![CDATA[chrome]]>
              </value>
            </param>
          </params>
          <reporter-output>
          </reporter-output>
        </test-method> <!-- setup -->
        <test-method signature="testDeleteExpense()[pri:4, instance:com.expensetracker.tests.ExpenseTrackerTest@5a59ca5e]" started-at="2026-01-01T12:35:26 IST" name="testDeleteExpense" description="TC_EXPENSE_004: Delete an expense" finished-at="2026-01-01T12:36:06 IST" duration-ms="40577" status="PASS">
          <reporter-output>
          </reporter-output>
        </test-method> <!-- testDeleteExpense -->
        <test-method is-config="true" signature="tearDown()[pri:0, instance:com.expensetracker.tests.ExpenseTrackerTest@5a59ca5e]" started-at="2026-01-01T12:36:06 IST" name="tearDown" finished-at="2026-01-01T12:36:06 IST" duration-ms="148" status="PASS">
          <reporter-output>
          </reporter-output>
        </test-method> <!-- tearDown -->
        <test-method is-config="true" signature="setup(java.lang.String)[pri:0, instance:com.expensetracker.tests.ExpenseTrackerTest@5a59ca5e]" started-at="2026-01-01T12:36:06 IST" name="setup" finished-at="2026-01-01T12:36:07 IST" duration-ms="598" status="PASS">
          <params>
            <param index="0">
              <value>
                <![CDATA[chrome]]>
              </value>
            </param>
          </params>
          <reporter-output>
          </reporter-output>
        </test-method> <!-- setup -->
        <test-method signature="testFilterExpenses()[pri:5, instance:com.expensetracker.tests.ExpenseTrackerTest@5a59ca5e]" started-at="2026-01-01T12:36:07 IST" name="testFilterExpenses" description="TC_EXPENSE_005: Filter expenses by category" finished-at="2026-01-01T12:36:45 IST" duration-ms="38144" status="PASS">
          <reporter-output>
          </reporter-output>
        </test-method> <!-- testFilterExpenses -->
        <test-method is-config="true" signature="tearDown()[pri:0, instance:com.expensetracker.tests.ExpenseTrackerTest@5a59ca5e]" started-at="2026-01-01T12:36:45 IST" name="tearDown" finished-at="2026-01-01T12:36:45 IST" duration-ms="127" status="PASS">
          <reporter-output>
          </reporter-output>
        </test-method> <!-- tearDown -->
        <test-method is-config="true" signature="setup(java.lang.String)[pri:0, instance:com.expensetracker.tests.ExpenseTrackerTest@5a59ca5e]" started-at="2026-01-01T12:36:45 IST" name="setup" finished-at="2026-01-01T12:36:46 IST" duration-ms="583" status="PASS">
          <params>
            <param index="0">
              <value>
                <![CDATA[chrome]]>
              </value>
            </param>
          </params>
          <reporter-output>
          </reporter-output>
        </test-method> <!-- setup -->
        <test-method signature="testSetBudget()[pri:6, instance:com.expensetracker.tests.ExpenseTrackerTest@5a59ca5e]" started-at="2026-01-01T12:36:46 IST" name="testSetBudget" description="TC_EXPENSE_006: Set monthly budget" finished-at="2026-01-01T12:37:13 IST" duration-ms="27166" status="PASS">
          <reporter-output>
          </reporter-output>
        </test-method> <!-- testSetBudget -->
        <test-method is-config="true" signature="tearDown()[pri:0, instance:com.expensetracker.tests.ExpenseTrackerTest@5a59ca5e]" started-at="2026-01-01T12:37:13 IST" name="tearDown" finished-at="2026-01-01T12:37:13 IST" duration-ms="137" status="PASS">
          <reporter-output>
          </reporter-output>
        </test-method> <!-- tearDown -->
        <test-method is-config="true" signature="tearDownReport()[pri:0, instance:com.expensetracker.tests.ExpenseTrackerTest@5a59ca5e]" started-at="2026-01-01T12:37:13 IST" name="tearDownReport" finished-at="2026-01-01T12:37:13 IST" duration-ms="217" status="PASS">
          <reporter-output>
          </reporter-output>
        </test-method> <!-- tearDownReport -->
      </class> <!-- com.expensetracker.tests.ExpenseTrackerTest -->
    </test> <!-- Expense Tracker Module Tests -->
  </suite> <!-- Expense Tracker Test Suite -->
</testng-results>
