<?xml version="1.0" encoding="UTF-8"?>
<testng-results ignored="0" total="12" passed="12" failed="0" skipped="0">
  <reporter-output>
  </reporter-output>
  <suite started-at="2026-01-02T14:33:38 IST" name="Expense Tracker Test Suite" finished-at="2026-01-02T14:38:16 IST" duration-ms="278653">
    <groups>
    </groups>
    <test started-at="2026-01-02T14:33:38 IST" name="Registration Module Tests" finished-at="2026-01-02T14:34:17 IST" duration-ms="39518">
      <class name="com.expensetracker.tests.RegistrationTest">
        <test-method is-config="true" signature="setup(java.lang.String)[pri:0, instance:com.expensetracker.tests.RegistrationTest@15043a2f]" started-at="2026-01-02T14:33:38 IST" name="setup" finished-at="2026-01-02T14:33:39 IST" duration-ms="1255" status="PASS">
          <params>
            <param index="0">
              <value>
                <![CDATA[chrome]]>
              </value>
            </param>
          </params>
          <reporter-output>
          </reporter-output>
        </test-method> <!-- setup -->
        <test-method signature="testSuccessfulRegistration()[pri:1, instance:com.expensetracker.tests.RegistrationTest@15043a2f]" started-at="2026-01-02T14:33:39 IST" name="testSuccessfulRegistration" description="TC-AUTH-01: Register user with valid details" finished-at="2026-01-02T14:33:53 IST" duration-ms="14494" status="PASS">
          <reporter-output>
          </reporter-output>
        </test-method> <!-- testSuccessfulRegistration -->
        <test-method is-config="true" signature="tearDown()[pri:0, instance:com.expensetracker.tests.RegistrationTest@15043a2f]" started-at="2026-01-02T14:33:53 IST" name="tearDown" finished-at="2026-01-02T14:33:54 IST" duration-ms="232" status="PASS">
          <reporter-output>
          </reporter-output>
        </test-method> <!-- tearDown -->
        <test-method is-config="true" signature="setup(java.lang.String)[pri:0, instance:com.expensetracker.tests.RegistrationTest@15043a2f]" started-at="2026-01-02T14:33:54 IST" name="setup" finished-at="2026-01-02T14:33:54 IST" duration-ms="602" status="PASS">
          <params>
            <param index="0">
              <value>
                <![CDATA[chrome]]>
              </value>
            </param>
          </params>
          <reporter-output>
          </reporter-output>
        </test-method> <!-- setup -->
        <test-method signature="testDuplicateEmailRegistration()[pri:2, instance:com.expensetracker.tests.RegistrationTest@15043a2f]" started-at="2026-01-02T14:33:54 IST" name="testDuplicateEmailRegistration" description="TC-AUTH-02: Register user with existing email" finished-at="2026-01-02T14:34:13 IST" duration-ms="18758" status="PASS">
          <reporter-output>
          </reporter-output>
        </test-method> <!-- testDuplicateEmailRegistration -->
        <test-method is-config="true" signature="tearDown()[pri:0, instance:com.expensetracker.tests.RegistrationTest@15043a2f]" started-at="2026-01-02T14:34:13 IST" name="tearDown" finished-at="2026-01-02T14:34:13 IST" duration-ms="174" status="PASS">
          <reporter-output>
          </reporter-output>
        </test-method> <!-- tearDown -->
        <test-method is-config="true" signature="setup(java.lang.String)[pri:0, instance:com.expensetracker.tests.RegistrationTest@15043a2f]" started-at="2026-01-02T14:34:13 IST" name="setup" finished-at="2026-01-02T14:34:14 IST" duration-ms="638" status="PASS">
          <params>
            <param index="0">
              <value>
                <![CDATA[chrome]]>
              </value>
            </param>
          </params>
          <reporter-output>
          </reporter-output>
        </test-method> <!-- setup -->
        <test-method signature="testEmptyFieldsValidation()[pri:3, instance:com.expensetracker.tests.RegistrationTest@15043a2f]" started-at="2026-01-02T14:34:14 IST" name="testEmptyFieldsValidation" description="TC-AUTH-03: Register user with empty mandatory fields" finished-at="2026-01-02T14:34:17 IST" duration-ms="3187" status="PASS">
          <reporter-output>
          </reporter-output>
        </test-method> <!-- testEmptyFieldsValidation -->
        <test-method is-config="true" signature="tearDown()[pri:0, instance:com.expensetracker.tests.RegistrationTest@15043a2f]" started-at="2026-01-02T14:34:17 IST" name="tearDown" finished-at="2026-01-02T14:34:17 IST" duration-ms="150" status="PASS">
          <reporter-output>
          </reporter-output>
        </test-method> <!-- tearDown -->
      </class> <!-- com.expensetracker.tests.RegistrationTest -->
    </test> <!-- Registration Module Tests -->
    <test started-at="2026-01-02T14:34:17 IST" name="Login Module Tests" finished-at="2026-01-02T14:34:51 IST" duration-ms="34033">
      <class name="com.expensetracker.tests.LoginTest">
        <test-method is-config="true" signature="setup(java.lang.String)[pri:0, instance:com.expensetracker.tests.LoginTest@43df23d3]" started-at="2026-01-02T14:34:17 IST" name="setup" finished-at="2026-01-02T14:34:18 IST" duration-ms="619" status="PASS">
          <params>
            <param index="0">
              <value>
                <![CDATA[chrome]]>
              </value>
            </param>
          </params>
          <reporter-output>
          </reporter-output>
        </test-method> <!-- setup -->
        <test-method signature="testSuccessfulLogin()[pri:1, instance:com.expensetracker.tests.LoginTest@43df23d3]" started-at="2026-01-02T14:34:18 IST" name="testSuccessfulLogin" description="TC-AUTH-04: Login with valid email and password" finished-at="2026-01-02T14:34:40 IST" duration-ms="22220" status="PASS">
          <reporter-output>
          </reporter-output>
        </test-method> <!-- testSuccessfulLogin -->
        <test-method is-config="true" signature="tearDown()[pri:0, instance:com.expensetracker.tests.LoginTest@43df23d3]" started-at="2026-01-02T14:34:40 IST" name="tearDown" finished-at="2026-01-02T14:34:40 IST" duration-ms="179" status="PASS">
          <reporter-output>
          </reporter-output>
        </test-method> <!-- tearDown -->
        <test-method is-config="true" signature="setup(java.lang.String)[pri:0, instance:com.expensetracker.tests.LoginTest@43df23d3]" started-at="2026-01-02T14:34:40 IST" name="setup" finished-at="2026-01-02T14:34:41 IST" duration-ms="650" status="PASS">
          <params>
            <param index="0">
              <value>
                <![CDATA[chrome]]>
              </value>
            </param>
          </params>
          <reporter-output>
          </reporter-output>
        </test-method> <!-- setup -->
        <test-method signature="testLoginWithInvalidEmail()[pri:2, instance:com.expensetracker.tests.LoginTest@43df23d3]" started-at="2026-01-02T14:34:41 IST" name="testLoginWithInvalidEmail" description="TC-AUTH-05: Login with invalid credentials" finished-at="2026-01-02T14:34:47 IST" duration-ms="6274" status="PASS">
          <reporter-output>
          </reporter-output>
        </test-method> <!-- testLoginWithInvalidEmail -->
        <test-method is-config="true" signature="tearDown()[pri:0, instance:com.expensetracker.tests.LoginTest@43df23d3]" started-at="2026-01-02T14:34:47 IST" name="tearDown" finished-at="2026-01-02T14:34:47 IST" duration-ms="163" status="PASS">
          <reporter-output>
          </reporter-output>
        </test-method> <!-- tearDown -->
        <test-method is-config="true" signature="setup(java.lang.String)[pri:0, instance:com.expensetracker.tests.LoginTest@43df23d3]" started-at="2026-01-02T14:34:47 IST" name="setup" finished-at="2026-01-02T14:34:48 IST" duration-ms="620" status="PASS">
          <params>
            <param index="0">
              <value>
                <![CDATA[chrome]]>
              </value>
            </param>
          </params>
          <reporter-output>
          </reporter-output>
        </test-method> <!-- setup -->
        <test-method signature="testLoginWithEmptyFields()[pri:3, instance:com.expensetracker.tests.LoginTest@43df23d3]" started-at="2026-01-02T14:34:48 IST" name="testLoginWithEmptyFields" description="TC-AUTH-06: Login with empty email or password" finished-at="2026-01-02T14:34:51 IST" duration-ms="3132" status="PASS">
          <reporter-output>
          </reporter-output>
        </test-method> <!-- testLoginWithEmptyFields -->
        <test-method is-config="true" signature="tearDown()[pri:0, instance:com.expensetracker.tests.LoginTest@43df23d3]" started-at="2026-01-02T14:34:51 IST" name="tearDown" finished-at="2026-01-02T14:34:51 IST" duration-ms="170" status="PASS">
          <reporter-output>
          </reporter-output>
        </test-method> <!-- tearDown -->
      </class> <!-- com.expensetracker.tests.LoginTest -->
    </test> <!-- Login Module Tests -->
    <test started-at="2026-01-02T14:34:51 IST" name="Expense Tracker Module Tests" finished-at="2026-01-02T14:38:16 IST" duration-ms="205083">
      <class name="com.expensetracker.tests.ExpenseTrackerTest">
        <test-method is-config="true" signature="setupReport()[pri:0, instance:com.expensetracker.tests.ExpenseTrackerTest@4d0d9fe7]" started-at="2026-01-02T14:33:37 IST" name="setupReport" finished-at="2026-01-02T14:33:38 IST" duration-ms="222" status="PASS">
          <reporter-output>
          </reporter-output>
        </test-method> <!-- setupReport -->
        <test-method is-config="true" signature="setup(java.lang.String)[pri:0, instance:com.expensetracker.tests.ExpenseTrackerTest@4d0d9fe7]" started-at="2026-01-02T14:34:51 IST" name="setup" finished-at="2026-01-02T14:34:52 IST" duration-ms="617" status="PASS">
          <params>
            <param index="0">
              <value>
                <![CDATA[chrome]]>
              </value>
            </param>
          </params>
          <reporter-output>
          </reporter-output>
        </test-method> <!-- setup -->
        <test-method signature="testCreateExpense()[pri:1, instance:com.expensetracker.tests.ExpenseTrackerTest@4d0d9fe7]" started-at="2026-01-02T14:34:52 IST" name="testCreateExpense" description="TC-EXP-01: Add a new expense with valid data" finished-at="2026-01-02T14:35:18 IST" duration-ms="25857" status="PASS">
          <reporter-output>
          </reporter-output>
        </test-method> <!-- testCreateExpense -->
        <test-method is-config="true" signature="tearDown()[pri:0, instance:com.expensetracker.tests.ExpenseTrackerTest@4d0d9fe7]" started-at="2026-01-02T14:35:18 IST" name="tearDown" finished-at="2026-01-02T14:35:18 IST" duration-ms="152" status="PASS">
          <reporter-output>
          </reporter-output>
        </test-method> <!-- tearDown -->
        <test-method is-config="true" signature="setup(java.lang.String)[pri:0, instance:com.expensetracker.tests.ExpenseTrackerTest@4d0d9fe7]" started-at="2026-01-02T14:35:18 IST" name="setup" finished-at="2026-01-02T14:35:18 IST" duration-ms="626" status="PASS">
          <params>
            <param index="0">
              <value>
                <![CDATA[chrome]]>
              </value>
            </param>
          </params>
          <reporter-output>
          </reporter-output>
        </test-method> <!-- setup -->
        <test-method signature="testViewExpenses()[pri:2, instance:com.expensetracker.tests.ExpenseTrackerTest@4d0d9fe7]" started-at="2026-01-02T14:35:18 IST" name="testViewExpenses" description="TC-EXP-02: View all added expenses" finished-at="2026-01-02T14:35:51 IST" duration-ms="32626" status="PASS">
          <reporter-output>
          </reporter-output>
        </test-method> <!-- testViewExpenses -->
        <test-method is-config="true" signature="tearDown()[pri:0, instance:com.expensetracker.tests.ExpenseTrackerTest@4d0d9fe7]" started-at="2026-01-02T14:35:51 IST" name="tearDown" finished-at="2026-01-02T14:35:51 IST" duration-ms="154" status="PASS">
          <reporter-output>
          </reporter-output>
        </test-method> <!-- tearDown -->
        <test-method is-config="true" signature="setup(java.lang.String)[pri:0, instance:com.expensetracker.tests.ExpenseTrackerTest@4d0d9fe7]" started-at="2026-01-02T14:35:51 IST" name="setup" finished-at="2026-01-02T14:35:52 IST" duration-ms="649" status="PASS">
          <params>
            <param index="0">
              <value>
                <![CDATA[chrome]]>
              </value>
            </param>
          </params>
          <reporter-output>
          </reporter-output>
        </test-method> <!-- setup -->
        <test-method signature="testUpdateExpense()[pri:3, instance:com.expensetracker.tests.ExpenseTrackerTest@4d0d9fe7]" started-at="2026-01-02T14:35:52 IST" name="testUpdateExpense" description="TC-EXP-03: Edit an existing expense" finished-at="2026-01-02T14:36:31 IST" duration-ms="39112" status="PASS">
          <reporter-output>
          </reporter-output>
        </test-method> <!-- testUpdateExpense -->
        <test-method is-config="true" signature="tearDown()[pri:0, instance:com.expensetracker.tests.ExpenseTrackerTest@4d0d9fe7]" started-at="2026-01-02T14:36:31 IST" name="tearDown" finished-at="2026-01-02T14:36:31 IST" duration-ms="160" status="PASS">
          <reporter-output>
          </reporter-output>
        </test-method> <!-- tearDown -->
        <test-method is-config="true" signature="setup(java.lang.String)[pri:0, instance:com.expensetracker.tests.ExpenseTrackerTest@4d0d9fe7]" started-at="2026-01-02T14:36:31 IST" name="setup" finished-at="2026-01-02T14:36:32 IST" duration-ms="655" status="PASS">
          <params>
            <param index="0">
              <value>
                <![CDATA[chrome]]>
              </value>
            </param>
          </params>
          <reporter-output>
          </reporter-output>
        </test-method> <!-- setup -->
        <test-method signature="testDeleteExpense()[pri:4, instance:com.expensetracker.tests.ExpenseTrackerTest@4d0d9fe7]" started-at="2026-01-02T14:36:32 IST" name="testDeleteExpense" description="TC-EXP-04: Delete an expense" finished-at="2026-01-02T14:37:04 IST" duration-ms="31793" status="PASS">
          <reporter-output>
          </reporter-output>
        </test-method> <!-- testDeleteExpense -->
        <test-method is-config="true" signature="tearDown()[pri:0, instance:com.expensetracker.tests.ExpenseTrackerTest@4d0d9fe7]" started-at="2026-01-02T14:37:04 IST" name="tearDown" finished-at="2026-01-02T14:37:04 IST" duration-ms="159" status="PASS">
          <reporter-output>
          </reporter-output>
        </test-method> <!-- tearDown -->
        <test-method is-config="true" signature="setup(java.lang.String)[pri:0, instance:com.expensetracker.tests.ExpenseTrackerTest@4d0d9fe7]" started-at="2026-01-02T14:37:04 IST" name="setup" finished-at="2026-01-02T14:37:04 IST" duration-ms="634" status="PASS">
          <params>
            <param index="0">
              <value>
                <![CDATA[chrome]]>
              </value>
            </param>
          </params>
          <reporter-output>
          </reporter-output>
        </test-method> <!-- setup -->
        <test-method signature="testFilterExpenses()[pri:5, instance:com.expensetracker.tests.ExpenseTrackerTest@4d0d9fe7]" started-at="2026-01-02T14:37:04 IST" name="testFilterExpenses" description="TC-EXP-05: Filter expenses by category" finished-at="2026-01-02T14:37:42 IST" duration-ms="37360" status="PASS">
          <reporter-output>
          </reporter-output>
        </test-method> <!-- testFilterExpenses -->
        <test-method is-config="true" signature="tearDown()[pri:0, instance:com.expensetracker.tests.ExpenseTrackerTest@4d0d9fe7]" started-at="2026-01-02T14:37:42 IST" name="tearDown" finished-at="2026-01-02T14:37:42 IST" duration-ms="170" status="PASS">
          <reporter-output>
          </reporter-output>
        </test-method> <!-- tearDown -->
        <test-method is-config="true" signature="setup(java.lang.String)[pri:0, instance:com.expensetracker.tests.ExpenseTrackerTest@4d0d9fe7]" started-at="2026-01-02T14:37:42 IST" name="setup" finished-at="2026-01-02T14:37:42 IST" duration-ms="607" status="PASS">
          <params>
            <param index="0">
              <value>
                <![CDATA[chrome]]>
              </value>
            </param>
          </params>
          <reporter-output>
          </reporter-output>
        </test-method> <!-- setup -->
        <test-method signature="testAddExpenseWithMissingFields()[pri:6, instance:com.expensetracker.tests.ExpenseTrackerTest@4d0d9fe7]" started-at="2026-01-02T14:37:42 IST" name="testAddExpenseWithMissingFields" description="TC-EXP-06: Add expense with missing fields" finished-at="2026-01-02T14:38:16 IST" duration-ms="33575" status="PASS">
          <reporter-output>
          </reporter-output>
        </test-method> <!-- testAddExpenseWithMissingFields -->
        <test-method is-config="true" signature="tearDown()[pri:0, instance:com.expensetracker.tests.ExpenseTrackerTest@4d0d9fe7]" started-at="2026-01-02T14:38:16 IST" name="tearDown" finished-at="2026-01-02T14:38:16 IST" duration-ms="167" status="PASS">
          <reporter-output>
          </reporter-output>
        </test-method> <!-- tearDown -->
        <test-method is-config="true" signature="tearDownReport()[pri:0, instance:com.expensetracker.tests.ExpenseTrackerTest@4d0d9fe7]" started-at="2026-01-02T14:38:16 IST" name="tearDownReport" finished-at="2026-01-02T14:38:16 IST" duration-ms="250" status="PASS">
          <reporter-output>
          </reporter-output>
        </test-method> <!-- tearDownReport -->
      </class> <!-- com.expensetracker.tests.ExpenseTrackerTest -->
    </test> <!-- Expense Tracker Module Tests -->
  </suite> <!-- Expense Tracker Test Suite -->
</testng-results>
