<?xml version="1.0" encoding="UTF-8"?>
<testsuite xmlns:xsi="http://www.w3.org/2001/XMLSchema-instance" xsi:noNamespaceSchemaLocation="https://maven.apache.org/surefire/maven-surefire-plugin/xsd/surefire-test-report.xsd" version="3.0.2" name="TestSuite" time="362.641" tests="19" errors="0" skipped="0" failures="0">
  <properties>
[...]
</properties>
  <testcase name="testSuccessfulRegistration" classname="com.expensetracker.tests.RegistrationTest" time="14.111">
    <system-out><![CDATA[✓ Chrome Driver initialized successfully
✓ Navigating to: http://localhost:3000
Navigated to: http://localhost:3000
Current URL after registration: http://localhost:3000/register.html
Page source snippet: <html lang="en"><head>
    <meta charset="UTF-8">
    <meta name="viewport" content="width=device-width, initial-scale=1.0">
    <title>Register - Budget Expense Tracker</title>
    <link rel="stylesheet" href="login.css">
</head>
<body>
    <header class="navbar">
        <div class="logo-container">
            <img src="RegBug.png" alt="Budget Tracker Logo">
        </div>
        <div class="logo">Budget Expense Tracker</div>
        <div class="nav-links">
            <a href="index.html">H
✓ TC_REG_001 PASSED
]]></system-out>
    <system-err><![CDATA[SLF4J: Failed to load class "org.slf4j.impl.StaticLoggerBinder".
SLF4J: Defaulting to no-operation (NOP) logger implementation
SLF4J: See http://www.slf4j.org/codes.html#StaticLoggerBinder for further details.
Jan 01, 2026 12:31:13 PM org.openqa.selenium.devtools.CdpVersionFinder findNearestMatch
WARNING: Unable to find CDP implementation matching 143
Jan 01, 2026 12:31:13 PM org.openqa.selenium.chromium.ChromiumDriver lambda$new$5
WARNING: Unable to find version of CDP to use for 143.0.7499.170. You may need to include a dependency on a specific version of the CDP using something similar to `org.seleniumhq.selenium:selenium-devtools-v86:4.27.0` where the version ("v86") matches the version of the chromium-based browser you're using and the version number of the artifact is the same as Selenium's.
]]></system-err>
  </testcase>
  <testcase name="testDuplicateEmailRegistration" classname="com.expensetracker.tests.RegistrationTest" time="18.749">
    <system-out><![CDATA[✓ Browser closed successfully
✓ Chrome Driver initialized successfully
✓ Navigating to: http://localhost:3000
Navigated to: http://localhost:3000/register.html
No alert for first registration
Navigated to: http://localhost:3000/register.html
URL after duplicate registration: http://localhost:3000/register.html
✓ TC_REG_002 PASSED
]]></system-out>
    <system-err><![CDATA[Jan 01, 2026 12:31:28 PM org.openqa.selenium.devtools.CdpVersionFinder findNearestMatch
WARNING: Unable to find CDP implementation matching 143
Jan 01, 2026 12:31:28 PM org.openqa.selenium.chromium.ChromiumDriver lambda$new$5
WARNING: Unable to find version of CDP to use for 143.0.7499.170. You may need to include a dependency on a specific version of the CDP using something similar to `org.seleniumhq.selenium:selenium-devtools-v86:4.27.0` where the version ("v86") matches the version of the chromium-based browser you're using and the version number of the artifact is the same as Selenium's.
]]></system-err>
  </testcase>
  <testcase name="testEmptyFieldsValidation" classname="com.expensetracker.tests.RegistrationTest" time="3.157">
    <system-out><![CDATA[✓ Browser closed successfully
✓ Chrome Driver initialized successfully
✓ Navigating to: http://localhost:3000
Navigated to: http://localhost:3000/register.html
✓ TC_REG_003 PASSED
]]></system-out>
    <system-err><![CDATA[Jan 01, 2026 12:31:47 PM org.openqa.selenium.devtools.CdpVersionFinder findNearestMatch
WARNING: Unable to find CDP implementation matching 143
Jan 01, 2026 12:31:47 PM org.openqa.selenium.chromium.ChromiumDriver lambda$new$5
WARNING: Unable to find version of CDP to use for 143.0.7499.170. You may need to include a dependency on a specific version of the CDP using something similar to `org.seleniumhq.selenium:selenium-devtools-v86:4.27.0` where the version ("v86") matches the version of the chromium-based browser you're using and the version number of the artifact is the same as Selenium's.
]]></system-err>
  </testcase>
  <testcase name="testInvalidEmailFormat" classname="com.expensetracker.tests.RegistrationTest" time="7.361">
    <system-out><![CDATA[✓ Browser closed successfully
✓ Chrome Driver initialized successfully
✓ Navigating to: http://localhost:3000
Navigated to: http://localhost:3000/register.html
✓ TC_REG_004 PASSED
]]></system-out>
    <system-err><![CDATA[Jan 01, 2026 12:31:51 PM org.openqa.selenium.devtools.CdpVersionFinder findNearestMatch
WARNING: Unable to find CDP implementation matching 143
Jan 01, 2026 12:31:51 PM org.openqa.selenium.chromium.ChromiumDriver lambda$new$5
WARNING: Unable to find version of CDP to use for 143.0.7499.170. You may need to include a dependency on a specific version of the CDP using something similar to `org.seleniumhq.selenium:selenium-devtools-v86:4.27.0` where the version ("v86") matches the version of the chromium-based browser you're using and the version number of the artifact is the same as Selenium's.
]]></system-err>
  </testcase>
  <testcase name="testRegistrationPageUI" classname="com.expensetracker.tests.RegistrationTest" time="3.213">
    <system-out><![CDATA[✓ Browser closed successfully
✓ Chrome Driver initialized successfully
✓ Navigating to: http://localhost:3000
Navigated to: http://localhost:3000/register.html
✓ TC_REG_005 PASSED
]]></system-out>
    <system-err><![CDATA[Jan 01, 2026 12:31:59 PM org.openqa.selenium.devtools.CdpVersionFinder findNearestMatch
WARNING: Unable to find CDP implementation matching 143
Jan 01, 2026 12:31:59 PM org.openqa.selenium.chromium.ChromiumDriver lambda$new$5
WARNING: Unable to find version of CDP to use for 143.0.7499.170. You may need to include a dependency on a specific version of the CDP using something similar to `org.seleniumhq.selenium:selenium-devtools-v86:4.27.0` where the version ("v86") matches the version of the chromium-based browser you're using and the version number of the artifact is the same as Selenium's.
]]></system-err>
  </testcase>
  <testcase name="testSuccessfulLogin" classname="com.expensetracker.tests.LoginTest" time="22.117">
    <system-out><![CDATA[✓ Browser closed successfully
✓ Chrome Driver initialized successfully
✓ Navigating to: http://localhost:3000
Navigated to: http://localhost:3000/register.html
Navigated to: http://localhost:3000/login-register.html
Current URL after login: http://localhost:3000/login-register.html
Navigated to: http://localhost:3000/expense-tracker.html
✓ TC_LOGIN_001 PASSED
]]></system-out>
    <system-err><![CDATA[Jan 01, 2026 12:32:03 PM org.openqa.selenium.devtools.CdpVersionFinder findNearestMatch
WARNING: Unable to find CDP implementation matching 143
Jan 01, 2026 12:32:03 PM org.openqa.selenium.chromium.ChromiumDriver lambda$new$5
WARNING: Unable to find version of CDP to use for 143.0.7499.170. You may need to include a dependency on a specific version of the CDP using something similar to `org.seleniumhq.selenium:selenium-devtools-v86:4.27.0` where the version ("v86") matches the version of the chromium-based browser you're using and the version number of the artifact is the same as Selenium's.
]]></system-err>
  </testcase>
  <testcase name="testLoginWithInvalidEmail" classname="com.expensetracker.tests.LoginTest" time="6.257">
    <system-out><![CDATA[✓ Browser closed successfully
✓ Chrome Driver initialized successfully
✓ Navigating to: http://localhost:3000
Navigated to: http://localhost:3000/login-register.html
✓ TC_LOGIN_002 PASSED
]]></system-out>
    <system-err><![CDATA[Jan 01, 2026 12:32:26 PM org.openqa.selenium.devtools.CdpVersionFinder findNearestMatch
WARNING: Unable to find CDP implementation matching 143
Jan 01, 2026 12:32:26 PM org.openqa.selenium.chromium.ChromiumDriver lambda$new$5
WARNING: Unable to find version of CDP to use for 143.0.7499.170. You may need to include a dependency on a specific version of the CDP using something similar to `org.seleniumhq.selenium:selenium-devtools-v86:4.27.0` where the version ("v86") matches the version of the chromium-based browser you're using and the version number of the artifact is the same as Selenium's.
]]></system-err>
  </testcase>
  <testcase name="testLoginWithWrongPassword" classname="com.expensetracker.tests.LoginTest" time="17.679">
    <system-out><![CDATA[✓ Browser closed successfully
✓ Chrome Driver initialized successfully
✓ Navigating to: http://localhost:3000
Navigated to: http://localhost:3000/register.html
Navigated to: http://localhost:3000/login-register.html
✓ TC_LOGIN_003 PASSED
]]></system-out>
    <system-err><![CDATA[Jan 01, 2026 12:32:33 PM org.openqa.selenium.devtools.CdpVersionFinder findNearestMatch
WARNING: Unable to find CDP implementation matching 143
Jan 01, 2026 12:32:33 PM org.openqa.selenium.chromium.ChromiumDriver lambda$new$5
WARNING: Unable to find version of CDP to use for 143.0.7499.170. You may need to include a dependency on a specific version of the CDP using something similar to `org.seleniumhq.selenium:selenium-devtools-v86:4.27.0` where the version ("v86") matches the version of the chromium-based browser you're using and the version number of the artifact is the same as Selenium's.
]]></system-err>
  </testcase>
  <testcase name="testLoginWithEmptyFields" classname="com.expensetracker.tests.LoginTest" time="3.116">
    <system-out><![CDATA[✓ Browser closed successfully
✓ Chrome Driver initialized successfully
✓ Navigating to: http://localhost:3000
Navigated to: http://localhost:3000/login-register.html
✓ TC_LOGIN_004 PASSED
]]></system-out>
    <system-err><![CDATA[Jan 01, 2026 12:32:52 PM org.openqa.selenium.devtools.CdpVersionFinder findNearestMatch
WARNING: Unable to find CDP implementation matching 143
Jan 01, 2026 12:32:52 PM org.openqa.selenium.chromium.ChromiumDriver lambda$new$5
WARNING: Unable to find version of CDP to use for 143.0.7499.170. You may need to include a dependency on a specific version of the CDP using something similar to `org.seleniumhq.selenium:selenium-devtools-v86:4.27.0` where the version ("v86") matches the version of the chromium-based browser you're using and the version number of the artifact is the same as Selenium's.
]]></system-err>
  </testcase>
  <testcase name="testLoginPageUI" classname="com.expensetracker.tests.LoginTest" time="2.14">
    <system-out><![CDATA[✓ Browser closed successfully
✓ Chrome Driver initialized successfully
✓ Navigating to: http://localhost:3000
Navigated to: http://localhost:3000/login-register.html
✓ TC_LOGIN_005 PASSED
]]></system-out>
    <system-err><![CDATA[Jan 01, 2026 12:32:55 PM org.openqa.selenium.devtools.CdpVersionFinder findNearestMatch
WARNING: Unable to find CDP implementation matching 143
Jan 01, 2026 12:32:55 PM org.openqa.selenium.chromium.ChromiumDriver lambda$new$5
WARNING: Unable to find version of CDP to use for 143.0.7499.170. You may need to include a dependency on a specific version of the CDP using something similar to `org.seleniumhq.selenium:selenium-devtools-v86:4.27.0` where the version ("v86") matches the version of the chromium-based browser you're using and the version number of the artifact is the same as Selenium's.
]]></system-err>
  </testcase>
  <testcase name="testJWTTokenGeneration" classname="com.expensetracker.tests.LoginTest" time="19.682">
    <system-out><![CDATA[✓ Browser closed successfully
✓ Chrome Driver initialized successfully
✓ Navigating to: http://localhost:3000
Navigated to: http://localhost:3000/register.html
Navigated to: http://localhost:3000/login-register.html
Current URL after login: http://localhost:3000/login-register.html
✓ TC_LOGIN_006 PASSED
]]></system-out>
    <system-err><![CDATA[Jan 01, 2026 12:32:58 PM org.openqa.selenium.devtools.CdpVersionFinder findNearestMatch
WARNING: Unable to find CDP implementation matching 143
Jan 01, 2026 12:32:58 PM org.openqa.selenium.chromium.ChromiumDriver lambda$new$5
WARNING: Unable to find version of CDP to use for 143.0.7499.170. You may need to include a dependency on a specific version of the CDP using something similar to `org.seleniumhq.selenium:selenium-devtools-v86:4.27.0` where the version ("v86") matches the version of the chromium-based browser you're using and the version number of the artifact is the same as Selenium's.
]]></system-err>
  </testcase>
  <testcase name="testNavigationToRegistration" classname="com.expensetracker.tests.LoginTest" time="4.215">
    <system-out><![CDATA[✓ Browser closed successfully
✓ Chrome Driver initialized successfully
✓ Navigating to: http://localhost:3000
Navigated to: http://localhost:3000/login-register.html
✓ TC_LOGIN_007 PASSED
]]></system-out>
    <system-err><![CDATA[Jan 01, 2026 12:33:19 PM org.openqa.selenium.devtools.CdpVersionFinder findNearestMatch
WARNING: Unable to find CDP implementation matching 143
Jan 01, 2026 12:33:19 PM org.openqa.selenium.chromium.ChromiumDriver lambda$new$5
WARNING: Unable to find version of CDP to use for 143.0.7499.170. You may need to include a dependency on a specific version of the CDP using something similar to `org.seleniumhq.selenium:selenium-devtools-v86:4.27.0` where the version ("v86") matches the version of the chromium-based browser you're using and the version number of the artifact is the same as Selenium's.
]]></system-err>
  </testcase>
  <testcase name="testExpenseTrackerPage" classname="com.expensetracker.tests.LoginTest" time="22.145">
    <system-out><![CDATA[✓ Browser closed successfully
✓ Chrome Driver initialized successfully
✓ Navigating to: http://localhost:3000
Navigated to: http://localhost:3000/register.html
Navigated to: http://localhost:3000/login-register.html
Current URL after login: http://localhost:3000/login-register.html
Navigated to: http://localhost:3000/expense-tracker.html
✓ TC_LOGIN_008 PASSED
]]></system-out>
    <system-err><![CDATA[Jan 01, 2026 12:33:24 PM org.openqa.selenium.devtools.CdpVersionFinder findNearestMatch
WARNING: Unable to find CDP implementation matching 143
Jan 01, 2026 12:33:24 PM org.openqa.selenium.chromium.ChromiumDriver lambda$new$5
WARNING: Unable to find version of CDP to use for 143.0.7499.170. You may need to include a dependency on a specific version of the CDP using something similar to `org.seleniumhq.selenium:selenium-devtools-v86:4.27.0` where the version ("v86") matches the version of the chromium-based browser you're using and the version number of the artifact is the same as Selenium's.
]]></system-err>
  </testcase>
  <testcase name="testCreateExpense" classname="com.expensetracker.tests.ExpenseTrackerTest" time="25.46">
    <system-out><![CDATA[✓ Browser closed successfully
✓ Chrome Driver initialized successfully
✓ Navigating to: http://localhost:3000
Navigated to: http://localhost:3000/register.html
Navigated to: http://localhost:3000/login-register.html
Navigated to: http://localhost:3000/expense-tracker.html
No alert after adding expense
✓ TC_EXPENSE_001 PASSED
]]></system-out>
    <system-err><![CDATA[Jan 01, 2026 12:33:47 PM org.openqa.selenium.devtools.CdpVersionFinder findNearestMatch
WARNING: Unable to find CDP implementation matching 143
Jan 01, 2026 12:33:47 PM org.openqa.selenium.chromium.ChromiumDriver lambda$new$5
WARNING: Unable to find version of CDP to use for 143.0.7499.170. You may need to include a dependency on a specific version of the CDP using something similar to `org.seleniumhq.selenium:selenium-devtools-v86:4.27.0` where the version ("v86") matches the version of the chromium-based browser you're using and the version number of the artifact is the same as Selenium's.
]]></system-err>
  </testcase>
  <testcase name="testViewExpenses" classname="com.expensetracker.tests.ExpenseTrackerTest" time="32.237">
    <system-out><![CDATA[✓ Browser closed successfully
✓ Chrome Driver initialized successfully
✓ Navigating to: http://localhost:3000
Navigated to: http://localhost:3000/register.html
Navigated to: http://localhost:3000/login-register.html
Navigated to: http://localhost:3000/expense-tracker.html
✓ TC_EXPENSE_002 PASSED
]]></system-out>
    <system-err><![CDATA[Jan 01, 2026 12:34:13 PM org.openqa.selenium.devtools.CdpVersionFinder findNearestMatch
WARNING: Unable to find CDP implementation matching 143
Jan 01, 2026 12:34:13 PM org.openqa.selenium.chromium.ChromiumDriver lambda$new$5
WARNING: Unable to find version of CDP to use for 143.0.7499.170. You may need to include a dependency on a specific version of the CDP using something similar to `org.seleniumhq.selenium:selenium-devtools-v86:4.27.0` where the version ("v86") matches the version of the chromium-based browser you're using and the version number of the artifact is the same as Selenium's.
]]></system-err>
  </testcase>
  <testcase name="testUpdateExpense" classname="com.expensetracker.tests.ExpenseTrackerTest" time="38.942">
    <system-out><![CDATA[✓ Browser closed successfully
✓ Chrome Driver initialized successfully
✓ Navigating to: http://localhost:3000
Navigated to: http://localhost:3000/register.html
Navigated to: http://localhost:3000/login-register.html
Navigated to: http://localhost:3000/expense-tracker.html
Navigated to: http://localhost:3000/expense-tracker.html
✓ TC_EXPENSE_003 PASSED
]]></system-out>
    <system-err><![CDATA[Jan 01, 2026 12:34:46 PM org.openqa.selenium.devtools.CdpVersionFinder findNearestMatch
WARNING: Unable to find CDP implementation matching 143
Jan 01, 2026 12:34:46 PM org.openqa.selenium.chromium.ChromiumDriver lambda$new$5
WARNING: Unable to find version of CDP to use for 143.0.7499.170. You may need to include a dependency on a specific version of the CDP using something similar to `org.seleniumhq.selenium:selenium-devtools-v86:4.27.0` where the version ("v86") matches the version of the chromium-based browser you're using and the version number of the artifact is the same as Selenium's.
]]></system-err>
  </testcase>
  <testcase name="testDeleteExpense" classname="com.expensetracker.tests.ExpenseTrackerTest" time="40.575">
    <system-out><![CDATA[✓ Browser closed successfully
✓ Chrome Driver initialized successfully
✓ Navigating to: http://localhost:3000
Navigated to: http://localhost:3000/register.html
Navigated to: http://localhost:3000/login-register.html
Navigated to: http://localhost:3000/expense-tracker.html
✓ TC_EXPENSE_004 PASSED
]]></system-out>
    <system-err><![CDATA[Jan 01, 2026 12:35:26 PM org.openqa.selenium.devtools.CdpVersionFinder findNearestMatch
WARNING: Unable to find CDP implementation matching 143
Jan 01, 2026 12:35:26 PM org.openqa.selenium.chromium.ChromiumDriver lambda$new$5
WARNING: Unable to find version of CDP to use for 143.0.7499.170. You may need to include a dependency on a specific version of the CDP using something similar to `org.seleniumhq.selenium:selenium-devtools-v86:4.27.0` where the version ("v86") matches the version of the chromium-based browser you're using and the version number of the artifact is the same as Selenium's.
]]></system-err>
  </testcase>
  <testcase name="testFilterExpenses" classname="com.expensetracker.tests.ExpenseTrackerTest" time="38.143">
    <system-out><![CDATA[✓ Browser closed successfully
✓ Chrome Driver initialized successfully
✓ Navigating to: http://localhost:3000
Navigated to: http://localhost:3000/register.html
Navigated to: http://localhost:3000/login-register.html
Navigated to: http://localhost:3000/expense-tracker.html
✓ TC_EXPENSE_005 PASSED
]]></system-out>
    <system-err><![CDATA[Jan 01, 2026 12:36:07 PM org.openqa.selenium.devtools.CdpVersionFinder findNearestMatch
WARNING: Unable to find CDP implementation matching 143
Jan 01, 2026 12:36:07 PM org.openqa.selenium.chromium.ChromiumDriver lambda$new$5
WARNING: Unable to find version of CDP to use for 143.0.7499.170. You may need to include a dependency on a specific version of the CDP using something similar to `org.seleniumhq.selenium:selenium-devtools-v86:4.27.0` where the version ("v86") matches the version of the chromium-based browser you're using and the version number of the artifact is the same as Selenium's.
]]></system-err>
  </testcase>
  <testcase name="testSetBudget" classname="com.expensetracker.tests.ExpenseTrackerTest" time="27.164">
    <system-out><![CDATA[✓ Browser closed successfully
✓ Chrome Driver initialized successfully
✓ Navigating to: http://localhost:3000
Navigated to: http://localhost:3000/register.html
Navigated to: http://localhost:3000/login-register.html
Navigated to: http://localhost:3000/expense-tracker.html
Navigated to: http://localhost:3000/expense-tracker.html
Alert detected: Unauthorized access. Please log in.
✓ TC_EXPENSE_006 PASSED
]]></system-out>
    <system-err><![CDATA[Jan 01, 2026 12:36:46 PM org.openqa.selenium.devtools.CdpVersionFinder findNearestMatch
WARNING: Unable to find CDP implementation matching 143
Jan 01, 2026 12:36:46 PM org.openqa.selenium.chromium.ChromiumDriver lambda$new$5
WARNING: Unable to find version of CDP to use for 143.0.7499.170. You may need to include a dependency on a specific version of the CDP using something similar to `org.seleniumhq.selenium:selenium-devtools-v86:4.27.0` where the version ("v86") matches the version of the chromium-based browser you're using and the version number of the artifact is the same as Selenium's.
]]></system-err>
  </testcase>
</testsuite>