<?xml version="1.0" encoding="UTF-8"?>
<!-- Generated by org.testng.reporters.JUnitReportReporter -->
<testsuite hostname="LAPTOP-4BC5N8H9" failures="0" tests="6" name="com.expensetracker.tests.ExpenseTrackerTest" time="207.032" errors="0" timestamp="2026-01-01T12:37:13 IST" skipped="0">
  <testcase classname="com.expensetracker.tests.ExpenseTrackerTest" name="testCreateExpense" time="26.225"/>
  <testcase classname="com.expensetracker.tests.ExpenseTrackerTest" name="testViewExpenses" time="33.006"/>
  <testcase classname="com.expensetracker.tests.ExpenseTrackerTest" name="testUpdateExpense" time="39.725"/>
  <testcase classname="com.expensetracker.tests.ExpenseTrackerTest" name="testDeleteExpense" time="41.297"/>
  <testcase classname="com.expensetracker.tests.ExpenseTrackerTest" name="testFilterExpenses" time="38.874"/>
  <testcase classname="com.expensetracker.tests.ExpenseTrackerTest" name="testSetBudget" time="27.905"/>
</testsuite> <!-- com.expensetracker.tests.ExpenseTrackerTest -->
