<?xml version="1.0" encoding="UTF-8"?>
<!-- Generated by org.testng.reporters.JUnitReportReporter -->
<testsuite hostname="LAPTOP-4BC5N8H9" failures="0" tests="6" name="com.expensetracker.tests.ExpenseTrackerTest" time="205.073" errors="0" timestamp="2026-01-02T14:38:17 IST" skipped="0">
  <testcase classname="com.expensetracker.tests.ExpenseTrackerTest" name="testCreateExpense" time="26.665"/>
  <testcase classname="com.expensetracker.tests.ExpenseTrackerTest" name="testViewExpenses" time="33.403"/>
  <testcase classname="com.expensetracker.tests.ExpenseTrackerTest" name="testUpdateExpense" time="39.890"/>
  <testcase classname="com.expensetracker.tests.ExpenseTrackerTest" name="testDeleteExpense" time="32.581"/>
  <testcase classname="com.expensetracker.tests.ExpenseTrackerTest" name="testFilterExpenses" time="38.175"/>
  <testcase classname="com.expensetracker.tests.ExpenseTrackerTest" name="testAddExpenseWithMissingFields" time="34.359"/>
</testsuite> <!-- com.expensetracker.tests.ExpenseTrackerTest -->
