<?xml version="1.0" encoding="UTF-8"?>
<!-- Generated by org.testng.reporters.JUnitReportReporter -->
<testsuite hostname="LAPTOP-4BC5N8H9" failures="0" tests="8" name="com.expensetracker.tests.LoginTest" time="103.336" errors="0" timestamp="2026-01-01T12:37:13 IST" skipped="0">
  <testcase classname="com.expensetracker.tests.LoginTest" name="testSuccessfulLogin" time="22.877"/>
  <testcase classname="com.expensetracker.tests.LoginTest" name="testLoginWithInvalidEmail" time="7.028"/>
  <testcase classname="com.expensetracker.tests.LoginTest" name="testLoginWithWrongPassword" time="18.448"/>
  <testcase classname="com.expensetracker.tests.LoginTest" name="testLoginWithEmptyFields" time="3.858"/>
  <testcase classname="com.expensetracker.tests.LoginTest" name="testLoginPageUI" time="2.886"/>
  <testcase classname="com.expensetracker.tests.LoginTest" name="testJWTTokenGeneration" time="20.428"/>
  <testcase classname="com.expensetracker.tests.LoginTest" name="testNavigationToRegistration" time="4.942"/>
  <testcase classname="com.expensetracker.tests.LoginTest" name="testExpenseTrackerPage" time="22.869"/>
</testsuite> <!-- com.expensetracker.tests.LoginTest -->
