<?xml version="1.0" encoding="UTF-8"?>
<!-- Generated by org.testng.reporters.JUnitReportReporter -->
<testsuite hostname="LAPTOP-4BC5N8H9" failures="0" tests="3" name="com.expensetracker.tests.RegistrationTest" time="39.490" errors="0" timestamp="2026-01-02T14:38:17 IST" skipped="0">
  <testcase classname="com.expensetracker.tests.RegistrationTest" name="testSuccessfulRegistration" time="15.246"/>
  <testcase classname="com.expensetracker.tests.RegistrationTest" name="testDuplicateEmailRegistration" time="20.245"/>
  <testcase classname="com.expensetracker.tests.RegistrationTest" name="testEmptyFieldsValidation" time="3.999"/>
</testsuite> <!-- com.expensetracker.tests.RegistrationTest -->
