<?xml version="1.0" encoding="UTF-8"?>
<!-- Generated by org.testng.reporters.JUnitReportReporter -->
<testsuite hostname="LAPTOP-4BC5N8H9" failures="0" tests="5" name="com.expensetracker.tests.RegistrationTest" time="51.085" errors="0" timestamp="2026-01-01T12:37:13 IST" skipped="0">
  <testcase classname="com.expensetracker.tests.RegistrationTest" name="testSuccessfulRegistration" time="15.525"/>
  <testcase classname="com.expensetracker.tests.RegistrationTest" name="testDuplicateEmailRegistration" time="19.518"/>
  <testcase classname="com.expensetracker.tests.RegistrationTest" name="testEmptyFieldsValidation" time="3.924"/>
  <testcase classname="com.expensetracker.tests.RegistrationTest" name="testInvalidEmailFormat" time="8.140"/>
  <testcase classname="com.expensetracker.tests.RegistrationTest" name="testRegistrationPageUI" time="3.978"/>
</testsuite> <!-- com.expensetracker.tests.RegistrationTest -->
