<?xml version="1.0" encoding="UTF-8"?>
<!-- Generated by org.testng.reporters.JUnitReportReporter -->
<testsuite hostname="LAPTOP-4BC5N8H9" failures="0" tests="3" name="com.expensetracker.tests.LoginTest" time="34.027" errors="0" timestamp="2026-01-02T14:38:17 IST" skipped="0">
  <testcase classname="com.expensetracker.tests.LoginTest" name="testSuccessfulLogin" time="23.002"/>
  <testcase classname="com.expensetracker.tests.LoginTest" name="testLoginWithInvalidEmail" time="7.073"/>
  <testcase classname="com.expensetracker.tests.LoginTest" name="testLoginWithEmptyFields" time="3.952"/>
</testsuite> <!-- com.expensetracker.tests.LoginTest -->
